<?xml version="1.0" encoding="UTF-8"?>
<testsuite name="SILab2Test" tests="3" skipped="0" failures="0" errors="0" timestamp="2020-06-12T02:44:26" hostname="DESKTOP-CU2Q93J" time="0.006">
  <properties/>
  <testcase name="test1" classname="SILab2Test" time="0.004"/>
  <testcase name="test2" classname="SILab2Test" time="0.001"/>
  <testcase name="test3" classname="SILab2Test" time="0.001"/>
  <system-out><![CDATA[]]></system-out>
  <system-err><![CDATA[]]></system-err>
</testsuite>
